<?xml version="1.0" encoding="UTF-8"?>
<!-- Generated by org.testng.reporters.JUnitReportReporter -->
<testsuite hostname="DESKTOP-EDAL3S7" failures="0" tests="1" name="testCases.TC001_AccountRegistration" time="5.435" errors="0" timestamp="2025-03-12T19:41:11 IST" skipped="0">
  <testcase classname="testCases.TC001_AccountRegistration" name="verify_account_registration" time="5.435"/>
</testsuite> <!-- testCases.TC001_AccountRegistration -->
