<?xml version="1.0" encoding="UTF-8"?>
<!-- Generated by org.testng.reporters.JUnitReportReporter -->
<testsuite hostname="DESKTOP-EDAL3S7" failures="0" tests="1" name="testCases.TC002_LoginTest" time="2.077" errors="0" timestamp="2025-05-05T18:31:02 IST" skipped="0">
  <testcase classname="testCases.TC002_LoginTest" name="verify_account_registration" time="2.077"/>
</testsuite> <!-- testCases.TC002_LoginTest -->
